# JRE version: OpenJDK Runtime Environment (8.0_242) (build 1.8.0_242-release-1644-b3-6222593)
# Java VM: OpenJDK 64-Bit Server VM (25.242-b3-6222593 mixed mode linux-amd64 compressed oops)
Heap:
 PSYoungGen      total 624128K, used 0K [0x00000000d5580000, 0x00000000fff00000, 0x0000000100000000)
  eden space 552960K, 0% used [0x00000000d5580000,0x00000000d5580000,0x00000000f7180000)
  from space 71168K, 0% used [0x00000000f7180000,0x00000000f7180000,0x00000000fb700000)
  to   space 69632K, 0% used [0x00000000fbb00000,0x00000000fbb00000,0x00000000fff00000)
 ParOldGen       total 143360K, used 110047K [0x0000000080000000, 0x0000000088c00000, 0x00000000d5580000)
  object space 143360K, 76% used [0x0000000080000000,0x0000000086b77f80,0x0000000088c00000)
 Metaspace       used 134158K, capacity 141208K, committed 141848K, reserved 1173504K
  class space    used 17182K, capacity 18528K, committed 18712K, reserved 1048576K
GC Heap History (10 events):
Event: 1395.037 GC heap after
Heap after GC invocations=31 (full 4):
 PSYoungGen      total 584192K, used 39979K [0x00000000d5580000, 0x0000000100000000, 0x0000000100000000)
  eden space 506368K, 0% used [0x00000000d5580000,0x00000000d5580000,0x00000000f4400000)
  from space 77824K, 51% used [0x00000000f4400000,0x00000000f6b0aff0,0x00000000f9000000)
  to   space 76288K, 0% used [0x00000000fb580000,0x00000000fb580000,0x0000000100000000)
 ParOldGen       total 143360K, used 96452K [0x0000000080000000, 0x0000000088c00000, 0x00000000d5580000)
  object space 143360K, 67% used [0x0000000080000000,0x0000000085e31220,0x0000000088c00000)
 Metaspace       used 133914K, capacity 141272K, committed 141592K, reserved 1171456K
  class space    used 17233K, capacity 18614K, committed 18712K, reserved 1048576K
}
Event: 1399.535 GC heap before
{Heap before GC invocations=32 (full 4):
 PSYoungGen      total 584192K, used 546347K [0x00000000d5580000, 0x0000000100000000, 0x0000000100000000)
  eden space 506368K, 100% used [0x00000000d5580000,0x00000000f4400000,0x00000000f4400000)
  from space 77824K, 51% used [0x00000000f4400000,0x00000000f6b0aff0,0x00000000f9000000)
  to   space 76288K, 0% used [0x00000000fb580000,0x00000000fb580000,0x0000000100000000)
 ParOldGen       total 143360K, used 96452K [0x0000000080000000, 0x0000000088c00000, 0x00000000d5580000)
  object space 143360K, 67% used [0x0000000080000000,0x0000000085e31220,0x0000000088c00000)
 Metaspace       used 134069K, capacity 141420K, committed 141592K, reserved 1171456K
  class space    used 17235K, capacity 18614K, committed 18712K, reserved 1048576K
Event: 1399.759 GC heap after
Heap after GC invocations=32 (full 4):
 PSYoungGen      total 613376K, used 25872K [0x00000000d5580000, 0x00000000ff880000, 0x0000000100000000)
  eden space 544768K, 0% used [0x00000000d5580000,0x00000000d5580000,0x00000000f6980000)
  from space 68608K, 37% used [0x00000000fb580000,0x00000000fcec43c8,0x00000000ff880000)
  to   space 73216K, 0% used [0x00000000f6980000,0x00000000f6980000,0x00000000fb100000)
 ParOldGen       total 143360K, used 103941K [0x0000000080000000, 0x0000000088c00000, 0x00000000d5580000)
  object space 143360K, 72% used [0x0000000080000000,0x0000000086581700,0x0000000088c00000)
 Metaspace       used 134069K, capacity 141420K, committed 141592K, reserved 1171456K
  class space    used 17235K, capacity 18614K, committed 18712K, reserved 1048576K
}
Event: 1404.574 GC heap before
{Heap before GC invocations=33 (full 4):
 PSYoungGen      total 613376K, used 570640K [0x00000000d5580000, 0x00000000ff880000, 0x0000000100000000)
  eden space 544768K, 100% used [0x00000000d5580000,0x00000000f6980000,0x00000000f6980000)
  from space 68608K, 37% used [0x00000000fb580000,0x00000000fcec43c8,0x00000000ff880000)
  to   space 73216K, 0% used [0x00000000f6980000,0x00000000f6980000,0x00000000fb100000)
 ParOldGen       total 143360K, used 103941K [0x0000000080000000, 0x0000000088c00000, 0x00000000d5580000)
  object space 143360K, 72% used [0x0000000080000000,0x0000000086581700,0x0000000088c00000)
 Metaspace       used 134204K, capacity 141570K, committed 141848K, reserved 1173504K
  class space    used 17236K, capacity 18615K, committed 18712K, reserved 1048576K
Event: 1404.783 GC heap after
Heap after GC invocations=33 (full 4):
 PSYoungGen      total 617984K, used 9353K [0x00000000d5580000, 0x0000000100000000, 0x0000000100000000)
  eden space 544768K, 0% used [0x00000000d5580000,0x00000000d5580000,0x00000000f6980000)
  from space 73216K, 12% used [0x00000000f6980000,0x00000000f72a2748,0x00000000fb100000)
  to   space 72704K, 0% used [0x00000000fb900000,0x00000000fb900000,0x0000000100000000)
 ParOldGen       total 143360K, used 119568K [0x0000000080000000, 0x0000000088c00000, 0x00000000d5580000)
  object space 143360K, 83% used [0x0000000080000000,0x00000000874c4230,0x0000000088c00000)
 Metaspace       used 134204K, capacity 141570K, committed 141848K, reserved 1173504K
  class space    used 17236K, capacity 18615K, committed 18712K, reserved 1048576K
}
Event: 1409.827 GC heap before
{Heap before GC invocations=34 (full 4):
 PSYoungGen      total 617984K, used 554121K [0x00000000d5580000, 0x0000000100000000, 0x0000000100000000)
  eden space 544768K, 100% used [0x00000000d5580000,0x00000000f6980000,0x00000000f6980000)
  from space 73216K, 12% used [0x00000000f6980000,0x00000000f72a2748,0x00000000fb100000)
  to   space 72704K, 0% used [0x00000000fb900000,0x00000000fb900000,0x0000000100000000)
 ParOldGen       total 143360K, used 119568K [0x0000000080000000, 0x0000000088c00000, 0x00000000d5580000)
  object space 143360K, 83% used [0x0000000080000000,0x00000000874c4230,0x0000000088c00000)
 Metaspace       used 134303K, capacity 141652K, committed 141848K, reserved 1173504K
  class space    used 17238K, capacity 18618K, committed 18712K, reserved 1048576K
Event: 1409.937 GC heap after
Heap after GC invocations=34 (full 4):
 PSYoungGen      total 622080K, used 14896K [0x00000000d5580000, 0x00000000ffc80000, 0x0000000100000000)
  eden space 552960K, 0% used [0x00000000d5580000,0x00000000d5580000,0x00000000f7180000)
  from space 69120K, 21% used [0x00000000fb900000,0x00000000fc78c1e0,0x00000000ffc80000)
  to   space 71168K, 0% used [0x00000000f7180000,0x00000000f7180000,0x00000000fb700000)
 ParOldGen       total 143360K, used 122433K [0x0000000080000000, 0x0000000088c00000, 0x00000000d5580000)
  object space 143360K, 85% used [0x0000000080000000,0x00000000877904c0,0x0000000088c00000)
 Metaspace       used 134303K, capacity 141652K, committed 141848K, reserved 1173504K
  class space    used 17238K, capacity 18618K, committed 18712K, reserved 1048576K
}
Event: 1415.579 GC heap before
{Heap before GC invocations=35 (full 4):
 PSYoungGen      total 622080K, used 567856K [0x00000000d5580000, 0x00000000ffc80000, 0x0000000100000000)
  eden space 552960K, 100% used [0x00000000d5580000,0x00000000f7180000,0x00000000f7180000)
  from space 69120K, 21% used [0x00000000fb900000,0x00000000fc78c1e0,0x00000000ffc80000)
  to   space 71168K, 0% used [0x00000000f7180000,0x00000000f7180000,0x00000000fb700000)
 ParOldGen       total 143360K, used 122433K [0x0000000080000000, 0x0000000088c00000, 0x00000000d5580000)
  object space 143360K, 85% used [0x0000000080000000,0x00000000877904c0,0x0000000088c00000)
 Metaspace       used 134334K, capacity 141728K, committed 141848K, reserved 1173504K
  class space    used 17238K, capacity 18618K, committed 18712K, reserved 1048576K
Event: 1416.121 GC heap after
Heap after GC invocations=35 (full 4):
 PSYoungGen      total 624128K, used 10578K [0x00000000d5580000, 0x00000000fff00000, 0x0000000100000000)
  eden space 552960K, 0% used [0x00000000d5580000,0x00000000d5580000,0x00000000f7180000)
  from space 71168K, 14% used [0x00000000f7180000,0x00000000f7bd4a78,0x00000000fb700000)
  to   space 69632K, 0% used [0x00000000fbb00000,0x00000000fbb00000,0x00000000fff00000)
 ParOldGen       total 143360K, used 133424K [0x0000000080000000, 0x0000000088c00000, 0x00000000d5580000)
  object space 143360K, 93% used [0x0000000080000000,0x000000008824c320,0x0000000088c00000)
 Metaspace       used 134334K, capacity 141728K, committed 141848K, reserved 1173504K
  class space    used 17238K, capacity 18618K, committed 18712K, reserved 1048576K
}
Event: 1416.189 GC heap before
{Heap before GC invocations=36 (full 5):
 PSYoungGen      total 624128K, used 10578K [0x00000000d5580000, 0x00000000fff00000, 0x0000000100000000)
  eden space 552960K, 0% used [0x00000000d5580000,0x00000000d5580000,0x00000000f7180000)
  from space 71168K, 14% used [0x00000000f7180000,0x00000000f7bd4a78,0x00000000fb700000)
  to   space 69632K, 0% used [0x00000000fbb00000,0x00000000fbb00000,0x00000000fff00000)
 ParOldGen       total 143360K, used 133424K [0x0000000080000000, 0x0000000088c00000, 0x00000000d5580000)
  object space 143360K, 93% used [0x0000000080000000,0x000000008824c320,0x0000000088c00000)
 Metaspace       used 134334K, capacity 141728K, committed 141848K, reserved 1173504K
  class space    used 17238K, capacity 18618K, committed 18712K, reserved 1048576K

